# JRE version: OpenJDK Runtime Environment Corretto-11.0.16.9.1 (11.0.16.1+9) (build 11.0.16.1+9-LTS)
# Java VM: OpenJDK 64-Bit Server VM Corretto-11.0.16.9.1 (11.0.16.1+9-LTS, mixed mode, tiered, compressed oops, g1 gc, windows-amd64)
Heap:
 garbage-first heap   total 262144K, used 130018K [0x00000000e0000000, 0x0000000100000000)
  region size 1024K, 114 young (116736K), 11 survivors (11264K)
 Metaspace       used 50612K, capacity 51922K, committed 52096K, reserved 299008K
  class space    used 6551K, capacity 7014K, committed 7040K, reserved 253952K
GC Heap History (10 events):
Event: 1.821 GC heap before
{Heap before GC invocations=0 (full 0):
 garbage-first heap   total 262144K, used 29696K [0x00000000e0000000, 0x0000000100000000)
  region size 1024K, 24 young (24576K), 0 survivors (0K)
 Metaspace       used 10462K, capacity 10675K, committed 10880K, reserved 264192K
  class space    used 1080K, capacity 1131K, committed 1152K, reserved 253952K
}
Event: 1.847 GC heap after
{Heap after GC invocations=1 (full 0):
 garbage-first heap   total 262144K, used 8811K [0x00000000e0000000, 0x0000000100000000)
  region size 1024K, 3 young (3072K), 3 survivors (3072K)
 Metaspace       used 10462K, capacity 10675K, committed 10880K, reserved 264192K
  class space    used 1080K, capacity 1131K, committed 1152K, reserved 253952K
}
Event: 8.948 GC heap before
{Heap before GC invocations=1 (full 0):
 garbage-first heap   total 262144K, used 82539K [0x00000000e0000000, 0x0000000100000000)
  region size 1024K, 75 young (76800K), 3 survivors (3072K)
 Metaspace       used 20537K, capacity 20970K, committed 21248K, reserved 274432K
  class space    used 2408K, capacity 2530K, committed 2560K, reserved 253952K
}
Event: 8.964 GC heap after
{Heap after GC invocations=2 (full 0):
 garbage-first heap   total 262144K, used 15743K [0x00000000e0000000, 0x0000000100000000)
  region size 1024K, 10 young (10240K), 10 survivors (10240K)
 Metaspace       used 20537K, capacity 20970K, committed 21248K, reserved 274432K
  class space    used 2408K, capacity 2530K, committed 2560K, reserved 253952K
}
Event: 10.329 GC heap before
{Heap before GC invocations=3 (full 0):
 garbage-first heap   total 262144K, used 68991K [0x00000000e0000000, 0x0000000100000000)
  region size 1024K, 63 young (64512K), 10 survivors (10240K)
 Metaspace       used 26838K, capacity 27511K, committed 27776K, reserved 278528K
  class space    used 3409K, capacity 3633K, committed 3712K, reserved 253952K
}
Event: 10.339 GC heap after
{Heap after GC invocations=4 (full 0):
 garbage-first heap   total 262144K, used 17764K [0x00000000e0000000, 0x0000000100000000)
  region size 1024K, 3 young (3072K), 3 survivors (3072K)
 Metaspace       used 26838K, capacity 27511K, committed 27776K, reserved 278528K
  class space    used 3409K, capacity 3633K, committed 3712K, reserved 253952K
}
Event: 11.669 GC heap before
{Heap before GC invocations=4 (full 0):
 garbage-first heap   total 262144K, used 59748K [0x00000000e0000000, 0x0000000100000000)
  region size 1024K, 43 young (44032K), 3 survivors (3072K)
 Metaspace       used 34849K, capacity 35532K, committed 35584K, reserved 286720K
  class space    used 4306K, capacity 4560K, committed 4608K, reserved 253952K
}
Event: 11.680 GC heap after
{Heap after GC invocations=5 (full 0):
 garbage-first heap   total 262144K, used 22913K [0x00000000e0000000, 0x0000000100000000)
  region size 1024K, 6 young (6144K), 6 survivors (6144K)
 Metaspace       used 34849K, capacity 35532K, committed 35584K, reserved 286720K
  class space    used 4306K, capacity 4560K, committed 4608K, reserved 253952K
}
Event: 14.123 GC heap before
{Heap before GC invocations=6 (full 0):
 garbage-first heap   total 262144K, used 119169K [0x00000000e0000000, 0x0000000100000000)
  region size 1024K, 101 young (103424K), 6 survivors (6144K)
 Metaspace       used 43780K, capacity 44793K, committed 45056K, reserved 292864K
  class space    used 5632K, capacity 6022K, committed 6144K, reserved 253952K
}
Event: 14.136 GC heap after
{Heap after GC invocations=7 (full 0):
 garbage-first heap   total 262144K, used 25570K [0x00000000e0000000, 0x0000000100000000)
  region size 1024K, 11 young (11264K), 11 survivors (11264K)
 Metaspace       used 43780K, capacity 44793K, committed 45056K, reserved 292864K
  class space    used 5632K, capacity 6022K, committed 6144K, reserved 253952K
}

